{"C:\\Users\\NOLLU ARUN KUMAR\\ARUN(E)\\UrlShortner\\urlShortner\\src\\app.js": {"path":"C:\\Users\\NOLLU ARUN KUMAR\\ARUN(E)\\UrlShortner\\urlShortner\\src\\app.js","statementMap":{"0":{"start":{"line":1,"column":0},"end":{"line":1,"column":27}},"1":{"start":{"line":3,"column":16},"end":{"line":3,"column":34}},"2":{"start":{"line":4,"column":13},"end":{"line":4,"column":28}},"3":{"start":{"line":5,"column":13},"end":{"line":5,"column":31}},"4":{"start":{"line":6,"column":11},"end":{"line":6,"column":24}},"5":{"start":{"line":7,"column":18},"end":{"line":7,"column":47}},"6":{"start":{"line":9,"column":21},"end":{"line":9,"column":47}},"7":{"start":{"line":10,"column":22},"end":{"line":10,"column":49}},"8":{"start":{"line":11,"column":21},"end":{"line":11,"column":47}},"9":{"start":{"line":12,"column":24},"end":{"line":12,"column":53}},"10":{"start":{"line":13,"column":23},"end":{"line":13,"column":51}},"11":{"start":{"line":16,"column":14},"end":{"line":16,"column":23}},"12":{"start":{"line":18,"column":2},"end":{"line":18,"column":26}},"13":{"start":{"line":19,"column":2},"end":{"line":19,"column":51}},"14":{"start":{"line":22,"column":2},"end":{"line":22,"column":58}},"15":{"start":{"line":25,"column":2},"end":{"line":25,"column":39}},"16":{"start":{"line":28,"column":2},"end":{"line":37,"column":3}},"17":{"start":{"line":29,"column":23},"end":{"line":31,"column":5}},"18":{"start":{"line":32,"column":4},"end":{"line":34,"column":8}},"19":{"start":{"line":36,"column":4},"end":{"line":36,"column":84}},"20":{"start":{"line":40,"column":2},"end":{"line":42,"column":5}},"21":{"start":{"line":41,"column":4},"end":{"line":41,"column":67}},"22":{"start":{"line":45,"column":2},"end":{"line":45,"column":37}},"23":{"start":{"line":46,"column":2},"end":{"line":46,"column":36}},"24":{"start":{"line":47,"column":2},"end":{"line":47,"column":39}},"25":{"start":{"line":50,"column":2},"end":{"line":50,"column":35}},"26":{"start":{"line":54,"column":2},"end":{"line":60,"column":5}},"27":{"start":{"line":55,"column":4},"end":{"line":55,"column":43}},"28":{"start":{"line":56,"column":4},"end":{"line":59,"column":7}},"29":{"start":{"line":62,"column":2},"end":{"line":62,"column":13}},"30":{"start":{"line":65,"column":0},"end":{"line":65,"column":27}}},"fnMap":{"0":{"name":"createApp","decl":{"start":{"line":15,"column":9},"end":{"line":15,"column":18}},"loc":{"start":{"line":15,"column":23},"end":{"line":63,"column":1}},"line":15},"1":{"name":"(anonymous_1)","decl":{"start":{"line":40,"column":24},"end":{"line":40,"column":25}},"loc":{"start":{"line":40,"column":39},"end":{"line":42,"column":3}},"line":40},"2":{"name":"(anonymous_2)","decl":{"start":{"line":54,"column":10},"end":{"line":54,"column":11}},"loc":{"start":{"line":54,"column":37},"end":{"line":60,"column":3}},"line":54}},"branchMap":{"0":{"loc":{"start":{"line":56,"column":15},"end":{"line":56,"column":32}},"type":"binary-expr","locations":[{"start":{"line":56,"column":15},"end":{"line":56,"column":25}},{"start":{"line":56,"column":29},"end":{"line":56,"column":32}}],"line":56},"1":{"loc":{"start":{"line":57,"column":13},"end":{"line":57,"column":41}},"type":"binary-expr","locations":[{"start":{"line":57,"column":13},"end":{"line":57,"column":21}},{"start":{"line":57,"column":25},"end":{"line":57,"column":41}}],"line":57},"2":{"loc":{"start":{"line":58,"column":15},"end":{"line":58,"column":60}},"type":"binary-expr","locations":[{"start":{"line":58,"column":15},"end":{"line":58,"column":26}},{"start":{"line":58,"column":30},"end":{"line":58,"column":60}}],"line":58}},"s":{"0":4,"1":4,"2":4,"3":4,"4":4,"5":4,"6":4,"7":4,"8":4,"9":4,"10":4,"11":5,"12":5,"13":5,"14":5,"15":5,"16":5,"17":5,"18":5,"19":0,"20":5,"21":0,"22":5,"23":5,"24":5,"25":5,"26":5,"27":2,"28":2,"29":5,"30":4},"f":{"0":5,"1":0,"2":2},"b":{"0":[2,0],"1":[2,0],"2":[2,0]},"_coverageSchema":"1a1c01bbd47fc00a2c39e90264f33305004495a9","hash":"90ad8d4d694d8a5720051677ff92f2156ee4c988"}
,"C:\\Users\\NOLLU ARUN KUMAR\\ARUN(E)\\UrlShortner\\urlShortner\\src\\db\\clickRepository.js": {"path":"C:\\Users\\NOLLU ARUN KUMAR\\ARUN(E)\\UrlShortner\\urlShortner\\src\\db\\clickRepository.js","statementMap":{"0":{"start":{"line":16,"column":2},"end":{"line":20,"column":4}},"1":{"start":{"line":29,"column":14},"end":{"line":29,"column":92}},"2":{"start":{"line":30,"column":2},"end":{"line":30,"column":27}},"3":{"start":{"line":41,"column":2},"end":{"line":48,"column":4}},"4":{"start":{"line":58,"column":2},"end":{"line":65,"column":4}},"5":{"start":{"line":68,"column":0},"end":{"line":73,"column":2}}},"fnMap":{"0":{"name":"record","decl":{"start":{"line":13,"column":9},"end":{"line":13,"column":15}},"loc":{"start":{"line":15,"column":3},"end":{"line":21,"column":1}},"line":15},"1":{"name":"countByCode","decl":{"start":{"line":28,"column":9},"end":{"line":28,"column":20}},"loc":{"start":{"line":28,"column":36},"end":{"line":31,"column":1}},"line":28},"2":{"name":"listByCode","decl":{"start":{"line":40,"column":9},"end":{"line":40,"column":19}},"loc":{"start":{"line":40,"column":48},"end":{"line":49,"column":1}},"line":40},"3":{"name":"topN","decl":{"start":{"line":57,"column":9},"end":{"line":57,"column":13}},"loc":{"start":{"line":57,"column":26},"end":{"line":66,"column":1}},"line":57}},"branchMap":{"0":{"loc":{"start":{"line":14,"column":13},"end":{"line":14,"column":24}},"type":"default-arg","locations":[{"start":{"line":14,"column":22},"end":{"line":14,"column":24}}],"line":14},"1":{"loc":{"start":{"line":14,"column":26},"end":{"line":14,"column":40}},"type":"default-arg","locations":[{"start":{"line":14,"column":38},"end":{"line":14,"column":40}}],"line":14},"2":{"loc":{"start":{"line":14,"column":42},"end":{"line":14,"column":54}},"type":"default-arg","locations":[{"start":{"line":14,"column":52},"end":{"line":14,"column":54}}],"line":14},"3":{"loc":{"start":{"line":30,"column":9},"end":{"line":30,"column":26}},"type":"cond-expr","locations":[{"start":{"line":30,"column":15},"end":{"line":30,"column":22}},{"start":{"line":30,"column":25},"end":{"line":30,"column":26}}],"line":30},"4":{"loc":{"start":{"line":40,"column":35},"end":{"line":40,"column":46}},"type":"default-arg","locations":[{"start":{"line":40,"column":43},"end":{"line":40,"column":46}}],"line":40},"5":{"loc":{"start":{"line":57,"column":18},"end":{"line":57,"column":24}},"type":"default-arg","locations":[{"start":{"line":57,"column":22},"end":{"line":57,"column":24}}],"line":57}},"s":{"0":28,"1":5,"2":5,"3":6,"4":4,"5":5},"f":{"0":28,"1":5,"2":6,"3":4},"b":{"0":[0],"1":[24],"2":[24],"3":[5,0],"4":[2],"5":[0]},"_coverageSchema":"1a1c01bbd47fc00a2c39e90264f33305004495a9","hash":"aa39b606b1014c6d479183420414852b6806b7a4"}
,"C:\\Users\\NOLLU ARUN KUMAR\\ARUN(E)\\UrlShortner\\urlShortner\\src\\db\\index.js": {"path":"C:\\Users\\NOLLU ARUN KUMAR\\ARUN(E)\\UrlShortner\\urlShortner\\src\\db\\index.js","statementMap":{"0":{"start":{"line":1,"column":21},"end":{"line":1,"column":49}},"1":{"start":{"line":2,"column":11},"end":{"line":2,"column":24}},"2":{"start":{"line":3,"column":13},"end":{"line":3,"column":28}},"3":{"start":{"line":16,"column":23},"end":{"line":18,"column":58}},"4":{"start":{"line":21,"column":2},"end":{"line":23,"column":3}},"5":{"start":{"line":22,"column":4},"end":{"line":22,"column":66}},"6":{"start":{"line":25,"column":13},"end":{"line":25,"column":39}},"7":{"start":{"line":28,"column":2},"end":{"line":28,"column":38}},"8":{"start":{"line":29,"column":2},"end":{"line":29,"column":37}},"9":{"start":{"line":32,"column":17},"end":{"line":32,"column":76}},"10":{"start":{"line":33,"column":2},"end":{"line":33,"column":18}},"11":{"start":{"line":35,"column":2},"end":{"line":35,"column":12}},"12":{"start":{"line":38,"column":0},"end":{"line":38,"column":28}}},"fnMap":{"0":{"name":"openDb","decl":{"start":{"line":15,"column":9},"end":{"line":15,"column":15}},"loc":{"start":{"line":15,"column":24},"end":{"line":36,"column":1}},"line":15}},"branchMap":{"0":{"loc":{"start":{"line":16,"column":23},"end":{"line":18,"column":58}},"type":"binary-expr","locations":[{"start":{"line":16,"column":23},"end":{"line":16,"column":29}},{"start":{"line":17,"column":7},"end":{"line":17,"column":32}},{"start":{"line":18,"column":7},"end":{"line":18,"column":58}}],"line":16},"1":{"loc":{"start":{"line":21,"column":2},"end":{"line":23,"column":3}},"type":"if","locations":[{"start":{"line":21,"column":2},"end":{"line":23,"column":3}},{"start":{},"end":{}}],"line":21}},"s":{"0":6,"1":6,"2":6,"3":21,"4":21,"5":0,"6":21,"7":21,"8":21,"9":21,"10":21,"11":21,"12":6},"f":{"0":21},"b":{"0":[21,0,0],"1":[0,21]},"_coverageSchema":"1a1c01bbd47fc00a2c39e90264f33305004495a9","hash":"cadbe477cde79209388f0d787ef65bc92de74c0e"}
,"C:\\Users\\NOLLU ARUN KUMAR\\ARUN(E)\\UrlShortner\\urlShortner\\src\\db\\urlRepository.js": {"path":"C:\\Users\\NOLLU ARUN KUMAR\\ARUN(E)\\UrlShortner\\urlShortner\\src\\db\\urlRepository.js","statementMap":{"0":{"start":{"line":14,"column":2},"end":{"line":14,"column":70}},"1":{"start":{"line":24,"column":15},"end":{"line":28,"column":3}},"2":{"start":{"line":29,"column":2},"end":{"line":29,"column":44}},"3":{"start":{"line":37,"column":2},"end":{"line":37,"column":85}},"4":{"start":{"line":45,"column":2},"end":{"line":45,"column":89}},"5":{"start":{"line":53,"column":2},"end":{"line":53,"column":63}},"6":{"start":{"line":62,"column":15},"end":{"line":62,"column":75}},"7":{"start":{"line":63,"column":2},"end":{"line":63,"column":35}},"8":{"start":{"line":66,"column":0},"end":{"line":73,"column":2}}},"fnMap":{"0":{"name":"findById","decl":{"start":{"line":13,"column":9},"end":{"line":13,"column":17}},"loc":{"start":{"line":13,"column":26},"end":{"line":15,"column":1}},"line":13},"1":{"name":"create","decl":{"start":{"line":21,"column":9},"end":{"line":21,"column":15}},"loc":{"start":{"line":23,"column":3},"end":{"line":30,"column":1}},"line":23},"2":{"name":"findByCode","decl":{"start":{"line":36,"column":9},"end":{"line":36,"column":19}},"loc":{"start":{"line":36,"column":35},"end":{"line":38,"column":1}},"line":36},"3":{"name":"findByOriginalUrl","decl":{"start":{"line":44,"column":9},"end":{"line":44,"column":26}},"loc":{"start":{"line":44,"column":44},"end":{"line":46,"column":1}},"line":44},"4":{"name":"listAll","decl":{"start":{"line":52,"column":9},"end":{"line":52,"column":16}},"loc":{"start":{"line":52,"column":21},"end":{"line":54,"column":1}},"line":52},"5":{"name":"deleteByCode","decl":{"start":{"line":61,"column":9},"end":{"line":61,"column":21}},"loc":{"start":{"line":61,"column":37},"end":{"line":64,"column":1}},"line":61}},"branchMap":{"0":{"loc":{"start":{"line":14,"column":9},"end":{"line":14,"column":69}},"type":"binary-expr","locations":[{"start":{"line":14,"column":9},"end":{"line":14,"column":56}},{"start":{"line":14,"column":60},"end":{"line":14,"column":69}}],"line":14},"1":{"loc":{"start":{"line":22,"column":26},"end":{"line":22,"column":49}},"type":"default-arg","locations":[{"start":{"line":22,"column":38},"end":{"line":22,"column":49}}],"line":22},"2":{"loc":{"start":{"line":22,"column":51},"end":{"line":22,"column":67}},"type":"default-arg","locations":[{"start":{"line":22,"column":63},"end":{"line":22,"column":67}}],"line":22},"3":{"loc":{"start":{"line":37,"column":9},"end":{"line":37,"column":84}},"type":"binary-expr","locations":[{"start":{"line":37,"column":9},"end":{"line":37,"column":71}},{"start":{"line":37,"column":75},"end":{"line":37,"column":84}}],"line":37},"4":{"loc":{"start":{"line":45,"column":9},"end":{"line":45,"column":88}},"type":"binary-expr","locations":[{"start":{"line":45,"column":9},"end":{"line":45,"column":75}},{"start":{"line":45,"column":79},"end":{"line":45,"column":88}}],"line":45}},"s":{"0":31,"1":32,"2":31,"3":24,"4":1,"5":1,"6":3,"7":3,"8":6},"f":{"0":31,"1":32,"2":24,"3":1,"4":1,"5":3},"b":{"0":[31,0],"1":[25],"2":[32],"3":[24,11],"4":[1,0]},"_coverageSchema":"1a1c01bbd47fc00a2c39e90264f33305004495a9","hash":"eddf25f6a31caa7331606adacd1091a91131e47d"}
,"C:\\Users\\NOLLU ARUN KUMAR\\ARUN(E)\\UrlShortner\\urlShortner\\src\\middleware\\auth.js": {"path":"C:\\Users\\NOLLU ARUN KUMAR\\ARUN(E)\\UrlShortner\\urlShortner\\src\\middleware\\auth.js","statementMap":{"0":{"start":{"line":7,"column":17},"end":{"line":7,"column":41}},"1":{"start":{"line":9,"column":2},"end":{"line":14,"column":3}},"2":{"start":{"line":10,"column":4},"end":{"line":13,"column":7}},"3":{"start":{"line":16,"column":2},"end":{"line":21,"column":3}},"4":{"start":{"line":17,"column":4},"end":{"line":20,"column":7}},"5":{"start":{"line":24,"column":2},"end":{"line":24,"column":22}},"6":{"start":{"line":25,"column":2},"end":{"line":25,"column":16}},"7":{"start":{"line":28,"column":0},"end":{"line":28,"column":22}}},"fnMap":{"0":{"name":"auth","decl":{"start":{"line":6,"column":9},"end":{"line":6,"column":13}},"loc":{"start":{"line":6,"column":30},"end":{"line":26,"column":1}},"line":6}},"branchMap":{"0":{"loc":{"start":{"line":9,"column":2},"end":{"line":14,"column":3}},"type":"if","locations":[{"start":{"line":9,"column":2},"end":{"line":14,"column":3}},{"start":{},"end":{}}],"line":9},"1":{"loc":{"start":{"line":16,"column":2},"end":{"line":21,"column":3}},"type":"if","locations":[{"start":{"line":16,"column":2},"end":{"line":21,"column":3}},{"start":{},"end":{}}],"line":16}},"s":{"0":25,"1":25,"2":4,"3":21,"4":1,"5":20,"6":20,"7":4},"f":{"0":25},"b":{"0":[4,21],"1":[1,20]},"_coverageSchema":"1a1c01bbd47fc00a2c39e90264f33305004495a9","hash":"472edf6d9631d8a2123943c7237eca876d413880"}
,"C:\\Users\\NOLLU ARUN KUMAR\\ARUN(E)\\UrlShortner\\urlShortner\\src\\middleware\\rateLimit.js": {"path":"C:\\Users\\NOLLU ARUN KUMAR\\ARUN(E)\\UrlShortner\\urlShortner\\src\\middleware\\rateLimit.js","statementMap":{"0":{"start":{"line":14,"column":18},"end":{"line":14,"column":27}},"1":{"start":{"line":17,"column":14},"end":{"line":17,"column":23}},"2":{"start":{"line":20,"column":16},"end":{"line":20,"column":60}},"3":{"start":{"line":21,"column":2},"end":{"line":21,"column":58}},"4":{"start":{"line":31,"column":2},"end":{"line":31,"column":55}},"5":{"start":{"line":31,"column":34},"end":{"line":31,"column":53}},"6":{"start":{"line":35,"column":14},"end":{"line":35,"column":62}},"7":{"start":{"line":36,"column":16},"end":{"line":36,"column":30}},"8":{"start":{"line":37,"column":14},"end":{"line":37,"column":24}},"9":{"start":{"line":39,"column":18},"end":{"line":39,"column":56}},"10":{"start":{"line":42,"column":2},"end":{"line":42,"column":46}},"11":{"start":{"line":43,"column":2},"end":{"line":43,"column":76}},"12":{"start":{"line":45,"column":2},"end":{"line":54,"column":3}},"13":{"start":{"line":46,"column":4},"end":{"line":46,"column":42}},"14":{"start":{"line":47,"column":23},"end":{"line":47,"column":50}},"15":{"start":{"line":48,"column":4},"end":{"line":48,"column":47}},"16":{"start":{"line":49,"column":4},"end":{"line":53,"column":7}},"17":{"start":{"line":57,"column":2},"end":{"line":57,"column":20}},"18":{"start":{"line":58,"column":2},"end":{"line":58,"column":26}},"19":{"start":{"line":59,"column":2},"end":{"line":59,"column":80}},"20":{"start":{"line":60,"column":2},"end":{"line":60,"column":16}},"21":{"start":{"line":65,"column":0},"end":{"line":65,"column":25}},"22":{"start":{"line":66,"column":0},"end":{"line":66,"column":37}},"23":{"start":{"line":67,"column":0},"end":{"line":67,"column":39}},"24":{"start":{"line":70,"column":0},"end":{"line":70,"column":27}}},"fnMap":{"0":{"name":"getRateLimit","decl":{"start":{"line":19,"column":9},"end":{"line":19,"column":21}},"loc":{"start":{"line":19,"column":24},"end":{"line":22,"column":1}},"line":19},"1":{"name":"pruneWindow","decl":{"start":{"line":30,"column":9},"end":{"line":30,"column":20}},"loc":{"start":{"line":30,"column":38},"end":{"line":32,"column":1}},"line":30},"2":{"name":"(anonymous_2)","decl":{"start":{"line":31,"column":27},"end":{"line":31,"column":28}},"loc":{"start":{"line":31,"column":34},"end":{"line":31,"column":53}},"line":31},"3":{"name":"rateLimit","decl":{"start":{"line":34,"column":9},"end":{"line":34,"column":18}},"loc":{"start":{"line":34,"column":35},"end":{"line":61,"column":1}},"line":34}},"branchMap":{"0":{"loc":{"start":{"line":20,"column":25},"end":{"line":20,"column":55}},"type":"binary-expr","locations":[{"start":{"line":20,"column":25},"end":{"line":20,"column":47}},{"start":{"line":20,"column":51},"end":{"line":20,"column":55}}],"line":20},"1":{"loc":{"start":{"line":21,"column":9},"end":{"line":21,"column":57}},"type":"cond-expr","locations":[{"start":{"line":21,"column":47},"end":{"line":21,"column":52}},{"start":{"line":21,"column":55},"end":{"line":21,"column":57}}],"line":21},"2":{"loc":{"start":{"line":21,"column":9},"end":{"line":21,"column":44}},"type":"binary-expr","locations":[{"start":{"line":21,"column":9},"end":{"line":21,"column":31}},{"start":{"line":21,"column":35},"end":{"line":21,"column":44}}],"line":21},"3":{"loc":{"start":{"line":35,"column":14},"end":{"line":35,"column":62}},"type":"binary-expr","locations":[{"start":{"line":35,"column":14},"end":{"line":35,"column":24}},{"start":{"line":35,"column":28},"end":{"line":35,"column":52}},{"start":{"line":35,"column":56},"end":{"line":35,"column":62}}],"line":35},"4":{"loc":{"start":{"line":39,"column":30},"end":{"line":39,"column":50}},"type":"binary-expr","locations":[{"start":{"line":39,"column":30},"end":{"line":39,"column":44}},{"start":{"line":39,"column":48},"end":{"line":39,"column":50}}],"line":39},"5":{"loc":{"start":{"line":45,"column":2},"end":{"line":54,"column":3}},"type":"if","locations":[{"start":{"line":45,"column":2},"end":{"line":54,"column":3}},{"start":{},"end":{}}],"line":45}},"s":{"0":5,"1":5,"2":24,"3":24,"4":25,"5":52,"6":24,"7":24,"8":24,"9":24,"10":24,"11":24,"12":24,"13":1,"14":1,"15":1,"16":1,"17":23,"18":23,"19":23,"20":23,"21":5,"22":5,"23":5,"24":5},"f":{"0":24,"1":25,"2":52,"3":24},"b":{"0":[24,0],"1":[24,0],"2":[24,24],"3":[24,0,0],"4":[24,8],"5":[1,23]},"_coverageSchema":"1a1c01bbd47fc00a2c39e90264f33305004495a9","hash":"49340e36f7194cc3bfd8d2a32e8ca63373f70369"}
,"C:\\Users\\NOLLU ARUN KUMAR\\ARUN(E)\\UrlShortner\\urlShortner\\src\\middleware\\validate.js": {"path":"C:\\Users\\NOLLU ARUN KUMAR\\ARUN(E)\\UrlShortner\\urlShortner\\src\\middleware\\validate.js","statementMap":{"0":{"start":{"line":2,"column":23},"end":{"line":2,"column":90}},"1":{"start":{"line":4,"column":22},"end":{"line":4,"column":45}},"2":{"start":{"line":11,"column":18},"end":{"line":11,"column":26}},"3":{"start":{"line":13,"column":2},"end":{"line":18,"column":3}},"4":{"start":{"line":14,"column":4},"end":{"line":17,"column":7}},"5":{"start":{"line":21,"column":2},"end":{"line":28,"column":3}},"6":{"start":{"line":22,"column":4},"end":{"line":22,"column":26}},"7":{"start":{"line":24,"column":4},"end":{"line":27,"column":7}},"8":{"start":{"line":30,"column":2},"end":{"line":35,"column":3}},"9":{"start":{"line":31,"column":4},"end":{"line":34,"column":7}},"10":{"start":{"line":37,"column":2},"end":{"line":37,"column":16}},"11":{"start":{"line":45,"column":20},"end":{"line":45,"column":28}},"12":{"start":{"line":47,"column":2},"end":{"line":49,"column":3}},"13":{"start":{"line":48,"column":4},"end":{"line":48,"column":18}},"14":{"start":{"line":51,"column":2},"end":{"line":56,"column":3}},"15":{"start":{"line":52,"column":4},"end":{"line":55,"column":7}},"16":{"start":{"line":58,"column":2},"end":{"line":63,"column":3}},"17":{"start":{"line":59,"column":4},"end":{"line":62,"column":7}},"18":{"start":{"line":65,"column":2},"end":{"line":65,"column":16}},"19":{"start":{"line":68,"column":0},"end":{"line":68,"column":64}}},"fnMap":{"0":{"name":"validateUrl","decl":{"start":{"line":10,"column":9},"end":{"line":10,"column":20}},"loc":{"start":{"line":10,"column":37},"end":{"line":38,"column":1}},"line":10},"1":{"name":"validateAlias","decl":{"start":{"line":44,"column":9},"end":{"line":44,"column":22}},"loc":{"start":{"line":44,"column":39},"end":{"line":66,"column":1}},"line":44}},"branchMap":{"0":{"loc":{"start":{"line":13,"column":2},"end":{"line":18,"column":3}},"type":"if","locations":[{"start":{"line":13,"column":2},"end":{"line":18,"column":3}},{"start":{},"end":{}}],"line":13},"1":{"loc":{"start":{"line":13,"column":6},"end":{"line":13,"column":37}},"type":"binary-expr","locations":[{"start":{"line":13,"column":6},"end":{"line":13,"column":10}},{"start":{"line":13,"column":14},"end":{"line":13,"column":37}}],"line":13},"2":{"loc":{"start":{"line":30,"column":2},"end":{"line":35,"column":3}},"type":"if","locations":[{"start":{"line":30,"column":2},"end":{"line":35,"column":3}},{"start":{},"end":{}}],"line":30},"3":{"loc":{"start":{"line":47,"column":2},"end":{"line":49,"column":3}},"type":"if","locations":[{"start":{"line":47,"column":2},"end":{"line":49,"column":3}},{"start":{},"end":{}}],"line":47},"4":{"loc":{"start":{"line":51,"column":2},"end":{"line":56,"column":3}},"type":"if","locations":[{"start":{"line":51,"column":2},"end":{"line":56,"column":3}},{"start":{},"end":{}}],"line":51},"5":{"loc":{"start":{"line":51,"column":6},"end":{"line":51,"column":61}},"type":"binary-expr","locations":[{"start":{"line":51,"column":6},"end":{"line":51,"column":31}},{"start":{"line":51,"column":35},"end":{"line":51,"column":61}}],"line":51},"6":{"loc":{"start":{"line":58,"column":2},"end":{"line":63,"column":3}},"type":"if","locations":[{"start":{"line":58,"column":2},"end":{"line":63,"column":3}},{"start":{},"end":{}}],"line":58}},"s":{"0":4,"1":4,"2":12,"3":12,"4":1,"5":11,"6":11,"7":1,"8":10,"9":1,"10":9,"11":9,"12":9,"13":1,"14":8,"15":1,"16":7,"17":1,"18":6,"19":4},"f":{"0":12,"1":9},"b":{"0":[1,11],"1":[12,11],"2":[1,9],"3":[1,8],"4":[1,7],"5":[8,8],"6":[1,6]},"_coverageSchema":"1a1c01bbd47fc00a2c39e90264f33305004495a9","hash":"613b6fab938b90ef47a68e87ca8b4b6b54767d25"}
,"C:\\Users\\NOLLU ARUN KUMAR\\ARUN(E)\\UrlShortner\\urlShortner\\src\\routes\\analytics.js": {"path":"C:\\Users\\NOLLU ARUN KUMAR\\ARUN(E)\\UrlShortner\\urlShortner\\src\\routes\\analytics.js","statementMap":{"0":{"start":{"line":1,"column":19},"end":{"line":1,"column":37}},"1":{"start":{"line":2,"column":13},"end":{"line":2,"column":42}},"2":{"start":{"line":3,"column":41},"end":{"line":3,"column":80}},"3":{"start":{"line":5,"column":0},"end":{"line":37,"column":2}},"4":{"start":{"line":6,"column":17},"end":{"line":6,"column":25}},"5":{"start":{"line":12,"column":2},"end":{"line":20,"column":5}},"6":{"start":{"line":13,"column":4},"end":{"line":19,"column":5}},"7":{"start":{"line":14,"column":20},"end":{"line":14,"column":72}},"8":{"start":{"line":15,"column":18},"end":{"line":15,"column":39}},"9":{"start":{"line":16,"column":6},"end":{"line":16,"column":62}},"10":{"start":{"line":18,"column":6},"end":{"line":18,"column":23}},"11":{"start":{"line":26,"column":2},"end":{"line":34,"column":5}},"12":{"start":{"line":27,"column":4},"end":{"line":33,"column":5}},"13":{"start":{"line":28,"column":20},"end":{"line":28,"column":73}},"14":{"start":{"line":29,"column":24},"end":{"line":29,"column":68}},"15":{"start":{"line":30,"column":6},"end":{"line":30,"column":45}},"16":{"start":{"line":32,"column":6},"end":{"line":32,"column":23}},"17":{"start":{"line":36,"column":2},"end":{"line":36,"column":16}}},"fnMap":{"0":{"name":"analyticsRouter","decl":{"start":{"line":5,"column":26},"end":{"line":5,"column":41}},"loc":{"start":{"line":5,"column":46},"end":{"line":37,"column":1}},"line":5},"1":{"name":"(anonymous_1)","decl":{"start":{"line":12,"column":37},"end":{"line":12,"column":38}},"loc":{"start":{"line":12,"column":57},"end":{"line":20,"column":3}},"line":12},"2":{"name":"(anonymous_2)","decl":{"start":{"line":26,"column":39},"end":{"line":26,"column":40}},"loc":{"start":{"line":26,"column":59},"end":{"line":34,"column":3}},"line":26}},"branchMap":{"0":{"loc":{"start":{"line":14,"column":38},"end":{"line":14,"column":61}},"type":"binary-expr","locations":[{"start":{"line":14,"column":38},"end":{"line":14,"column":53}},{"start":{"line":14,"column":57},"end":{"line":14,"column":61}}],"line":14},"1":{"loc":{"start":{"line":28,"column":38},"end":{"line":28,"column":62}},"type":"binary-expr","locations":[{"start":{"line":28,"column":38},"end":{"line":28,"column":53}},{"start":{"line":28,"column":57},"end":{"line":28,"column":62}}],"line":28}},"s":{"0":4,"1":4,"2":4,"3":4,"4":5,"5":5,"6":2,"7":2,"8":2,"9":2,"10":0,"11":5,"12":4,"13":4,"14":4,"15":3,"16":1,"17":5},"f":{"0":5,"1":2,"2":4},"b":{"0":[2,1],"1":[4,4]},"_coverageSchema":"1a1c01bbd47fc00a2c39e90264f33305004495a9","hash":"a018799479bc7c280ddb85ea9af9a7f8352d6880"}
,"C:\\Users\\NOLLU ARUN KUMAR\\ARUN(E)\\UrlShortner\\urlShortner\\src\\routes\\health.js": {"path":"C:\\Users\\NOLLU ARUN KUMAR\\ARUN(E)\\UrlShortner\\urlShortner\\src\\routes\\health.js","statementMap":{"0":{"start":{"line":1,"column":19},"end":{"line":1,"column":37}},"1":{"start":{"line":3,"column":0},"end":{"line":31,"column":2}},"2":{"start":{"line":4,"column":17},"end":{"line":4,"column":25}},"3":{"start":{"line":11,"column":2},"end":{"line":28,"column":5}},"4":{"start":{"line":12,"column":19},"end":{"line":12,"column":30}},"5":{"start":{"line":13,"column":21},"end":{"line":13,"column":24}},"6":{"start":{"line":15,"column":4},"end":{"line":20,"column":5}},"7":{"start":{"line":16,"column":6},"end":{"line":16,"column":25}},"8":{"start":{"line":18,"column":6},"end":{"line":18,"column":41}},"9":{"start":{"line":19,"column":6},"end":{"line":19,"column":23}},"10":{"start":{"line":22,"column":4},"end":{"line":27,"column":7}},"11":{"start":{"line":30,"column":2},"end":{"line":30,"column":16}}},"fnMap":{"0":{"name":"healthRouter","decl":{"start":{"line":3,"column":26},"end":{"line":3,"column":38}},"loc":{"start":{"line":3,"column":43},"end":{"line":31,"column":1}},"line":3},"1":{"name":"(anonymous_1)","decl":{"start":{"line":11,"column":18},"end":{"line":11,"column":19}},"loc":{"start":{"line":11,"column":33},"end":{"line":28,"column":3}},"line":11}},"branchMap":{"0":{"loc":{"start":{"line":23,"column":14},"end":{"line":23,"column":52}},"type":"cond-expr","locations":[{"start":{"line":23,"column":35},"end":{"line":23,"column":39}},{"start":{"line":23,"column":42},"end":{"line":23,"column":52}}],"line":23}},"s":{"0":4,"1":4,"2":5,"3":5,"4":3,"5":3,"6":3,"7":3,"8":0,"9":0,"10":3,"11":5},"f":{"0":5,"1":3},"b":{"0":[3,0]},"_coverageSchema":"1a1c01bbd47fc00a2c39e90264f33305004495a9","hash":"eaeb93f328f65009cc38eeb9441b7fa0da236cc8"}
,"C:\\Users\\NOLLU ARUN KUMAR\\ARUN(E)\\UrlShortner\\urlShortner\\src\\routes\\manage.js": {"path":"C:\\Users\\NOLLU ARUN KUMAR\\ARUN(E)\\UrlShortner\\urlShortner\\src\\routes\\manage.js","statementMap":{"0":{"start":{"line":1,"column":19},"end":{"line":1,"column":37}},"1":{"start":{"line":2,"column":13},"end":{"line":2,"column":42}},"2":{"start":{"line":3,"column":22},"end":{"line":3,"column":52}},"3":{"start":{"line":5,"column":0},"end":{"line":40,"column":2}},"4":{"start":{"line":6,"column":17},"end":{"line":6,"column":25}},"5":{"start":{"line":12,"column":2},"end":{"line":28,"column":5}},"6":{"start":{"line":13,"column":21},"end":{"line":13,"column":31}},"7":{"start":{"line":14,"column":21},"end":{"line":14,"column":55}},"8":{"start":{"line":16,"column":4},"end":{"line":21,"column":5}},"9":{"start":{"line":17,"column":6},"end":{"line":20,"column":9}},"10":{"start":{"line":23,"column":4},"end":{"line":23,"column":41}},"11":{"start":{"line":24,"column":4},"end":{"line":27,"column":7}},"12":{"start":{"line":34,"column":2},"end":{"line":37,"column":5}},"13":{"start":{"line":35,"column":17},"end":{"line":35,"column":42}},"14":{"start":{"line":36,"column":4},"end":{"line":36,"column":62}},"15":{"start":{"line":39,"column":2},"end":{"line":39,"column":16}}},"fnMap":{"0":{"name":"manageRouter","decl":{"start":{"line":5,"column":26},"end":{"line":5,"column":38}},"loc":{"start":{"line":5,"column":43},"end":{"line":40,"column":1}},"line":5},"1":{"name":"(anonymous_1)","decl":{"start":{"line":12,"column":37},"end":{"line":12,"column":38}},"loc":{"start":{"line":12,"column":51},"end":{"line":28,"column":3}},"line":12},"2":{"name":"(anonymous_2)","decl":{"start":{"line":34,"column":28},"end":{"line":34,"column":29}},"loc":{"start":{"line":34,"column":43},"end":{"line":37,"column":3}},"line":34}},"branchMap":{"0":{"loc":{"start":{"line":16,"column":4},"end":{"line":21,"column":5}},"type":"if","locations":[{"start":{"line":16,"column":4},"end":{"line":21,"column":5}},{"start":{},"end":{}}],"line":16}},"s":{"0":4,"1":4,"2":4,"3":4,"4":5,"5":5,"6":2,"7":2,"8":2,"9":1,"10":1,"11":1,"12":5,"13":0,"14":0,"15":5},"f":{"0":5,"1":2,"2":0},"b":{"0":[1,1]},"_coverageSchema":"1a1c01bbd47fc00a2c39e90264f33305004495a9","hash":"08eab5ab72da419ddd54229b9ad28258a99e4bfe"}
,"C:\\Users\\NOLLU ARUN KUMAR\\ARUN(E)\\UrlShortner\\urlShortner\\src\\routes\\redirect.js": {"path":"C:\\Users\\NOLLU ARUN KUMAR\\ARUN(E)\\UrlShortner\\urlShortner\\src\\routes\\redirect.js","statementMap":{"0":{"start":{"line":1,"column":19},"end":{"line":1,"column":37}},"1":{"start":{"line":2,"column":23},"end":{"line":2,"column":56}},"2":{"start":{"line":4,"column":0},"end":{"line":39,"column":2}},"3":{"start":{"line":5,"column":17},"end":{"line":5,"column":25}},"4":{"start":{"line":12,"column":2},"end":{"line":36,"column":5}},"5":{"start":{"line":13,"column":21},"end":{"line":13,"column":31}},"6":{"start":{"line":14,"column":4},"end":{"line":35,"column":5}},"7":{"start":{"line":15,"column":26},"end":{"line":19,"column":8}},"8":{"start":{"line":20,"column":6},"end":{"line":20,"column":44}},"9":{"start":{"line":22,"column":6},"end":{"line":27,"column":7}},"10":{"start":{"line":23,"column":8},"end":{"line":26,"column":11}},"11":{"start":{"line":28,"column":6},"end":{"line":33,"column":7}},"12":{"start":{"line":29,"column":8},"end":{"line":32,"column":11}},"13":{"start":{"line":34,"column":6},"end":{"line":34,"column":23}},"14":{"start":{"line":38,"column":2},"end":{"line":38,"column":16}}},"fnMap":{"0":{"name":"redirectRouter","decl":{"start":{"line":4,"column":26},"end":{"line":4,"column":40}},"loc":{"start":{"line":4,"column":45},"end":{"line":39,"column":1}},"line":4},"1":{"name":"(anonymous_1)","decl":{"start":{"line":12,"column":23},"end":{"line":12,"column":24}},"loc":{"start":{"line":12,"column":43},"end":{"line":36,"column":3}},"line":12}},"branchMap":{"0":{"loc":{"start":{"line":22,"column":6},"end":{"line":27,"column":7}},"type":"if","locations":[{"start":{"line":22,"column":6},"end":{"line":27,"column":7}},{"start":{},"end":{}}],"line":22},"1":{"loc":{"start":{"line":28,"column":6},"end":{"line":33,"column":7}},"type":"if","locations":[{"start":{"line":28,"column":6},"end":{"line":33,"column":7}},{"start":{},"end":{}}],"line":28}},"s":{"0":4,"1":4,"2":4,"3":5,"4":5,"5":3,"6":3,"7":3,"8":2,"9":1,"10":1,"11":0,"12":0,"13":0,"14":5},"f":{"0":5,"1":3},"b":{"0":[1,0],"1":[0,0]},"_coverageSchema":"1a1c01bbd47fc00a2c39e90264f33305004495a9","hash":"7401adf121097089a3eb46c6a1e9b9c1450334a1"}
,"C:\\Users\\NOLLU ARUN KUMAR\\ARUN(E)\\UrlShortner\\urlShortner\\src\\routes\\shorten.js": {"path":"C:\\Users\\NOLLU ARUN KUMAR\\ARUN(E)\\UrlShortner\\urlShortner\\src\\routes\\shorten.js","statementMap":{"0":{"start":{"line":1,"column":19},"end":{"line":1,"column":37}},"1":{"start":{"line":2,"column":13},"end":{"line":2,"column":42}},"2":{"start":{"line":3,"column":18},"end":{"line":3,"column":52}},"3":{"start":{"line":4,"column":39},"end":{"line":4,"column":72}},"4":{"start":{"line":5,"column":23},"end":{"line":5,"column":56}},"5":{"start":{"line":7,"column":0},"end":{"line":30,"column":2}},"6":{"start":{"line":8,"column":17},"end":{"line":8,"column":25}},"7":{"start":{"line":15,"column":2},"end":{"line":27,"column":5}},"8":{"start":{"line":16,"column":27},"end":{"line":16,"column":35}},"9":{"start":{"line":17,"column":4},"end":{"line":26,"column":5}},"10":{"start":{"line":18,"column":21},"end":{"line":18,"column":59}},"11":{"start":{"line":19,"column":6},"end":{"line":23,"column":9}},"12":{"start":{"line":25,"column":6},"end":{"line":25,"column":23}},"13":{"start":{"line":29,"column":2},"end":{"line":29,"column":16}}},"fnMap":{"0":{"name":"shortenRouter","decl":{"start":{"line":7,"column":26},"end":{"line":7,"column":39}},"loc":{"start":{"line":7,"column":44},"end":{"line":30,"column":1}},"line":7},"1":{"name":"(anonymous_1)","decl":{"start":{"line":15,"column":71},"end":{"line":15,"column":72}},"loc":{"start":{"line":15,"column":91},"end":{"line":27,"column":3}},"line":15}},"branchMap":{},"s":{"0":4,"1":4,"2":4,"3":4,"4":4,"5":4,"6":5,"7":5,"8":7,"9":7,"10":7,"11":6,"12":1,"13":5},"f":{"0":5,"1":7},"b":{},"_coverageSchema":"1a1c01bbd47fc00a2c39e90264f33305004495a9","hash":"0032faec5b457fe6de4eae805f421ffcfcbc279d"}
,"C:\\Users\\NOLLU ARUN KUMAR\\ARUN(E)\\UrlShortner\\urlShortner\\src\\services\\analyticsService.js": {"path":"C:\\Users\\NOLLU ARUN KUMAR\\ARUN(E)\\UrlShortner\\urlShortner\\src\\services\\analyticsService.js","statementMap":{"0":{"start":{"line":1,"column":24},"end":{"line":1,"column":56}},"1":{"start":{"line":2,"column":22},"end":{"line":2,"column":52}},"2":{"start":{"line":13,"column":14},"end":{"line":13,"column":53}},"3":{"start":{"line":14,"column":2},"end":{"line":19,"column":3}},"4":{"start":{"line":15,"column":16},"end":{"line":15,"column":64}},"5":{"start":{"line":16,"column":4},"end":{"line":16,"column":21}},"6":{"start":{"line":17,"column":4},"end":{"line":17,"column":38}},"7":{"start":{"line":18,"column":4},"end":{"line":18,"column":14}},"8":{"start":{"line":21,"column":22},"end":{"line":21,"column":64}},"9":{"start":{"line":22,"column":17},"end":{"line":22,"column":65}},"10":{"start":{"line":24,"column":2},"end":{"line":30,"column":4}},"11":{"start":{"line":41,"column":14},"end":{"line":41,"column":41}},"12":{"start":{"line":42,"column":2},"end":{"line":50,"column":5}},"13":{"start":{"line":43,"column":16},"end":{"line":43,"column":60}},"14":{"start":{"line":44,"column":4},"end":{"line":49,"column":6}},"15":{"start":{"line":53,"column":0},"end":{"line":53,"column":50}}},"fnMap":{"0":{"name":"getCodeAnalytics","decl":{"start":{"line":12,"column":9},"end":{"line":12,"column":25}},"loc":{"start":{"line":12,"column":54},"end":{"line":31,"column":1}},"line":12},"1":{"name":"getTopUrls","decl":{"start":{"line":40,"column":9},"end":{"line":40,"column":19}},"loc":{"start":{"line":40,"column":32},"end":{"line":51,"column":1}},"line":40},"2":{"name":"(anonymous_2)","decl":{"start":{"line":42,"column":17},"end":{"line":42,"column":18}},"loc":{"start":{"line":42,"column":26},"end":{"line":50,"column":3}},"line":42}},"branchMap":{"0":{"loc":{"start":{"line":12,"column":41},"end":{"line":12,"column":52}},"type":"default-arg","locations":[{"start":{"line":12,"column":49},"end":{"line":12,"column":52}}],"line":12},"1":{"loc":{"start":{"line":14,"column":2},"end":{"line":19,"column":3}},"type":"if","locations":[{"start":{"line":14,"column":2},"end":{"line":19,"column":3}},{"start":{},"end":{}}],"line":14},"2":{"loc":{"start":{"line":40,"column":24},"end":{"line":40,"column":30}},"type":"default-arg","locations":[{"start":{"line":40,"column":28},"end":{"line":40,"column":30}}],"line":40},"3":{"loc":{"start":{"line":47,"column":19},"end":{"line":47,"column":48}},"type":"cond-expr","locations":[{"start":{"line":47,"column":25},"end":{"line":47,"column":41}},{"start":{"line":47,"column":44},"end":{"line":47,"column":48}}],"line":47},"4":{"loc":{"start":{"line":48,"column":17},"end":{"line":48,"column":44}},"type":"cond-expr","locations":[{"start":{"line":48,"column":23},"end":{"line":48,"column":37}},{"start":{"line":48,"column":40},"end":{"line":48,"column":44}}],"line":48}},"s":{"0":4,"1":4,"2":4,"3":4,"4":1,"5":1,"6":1,"7":1,"8":3,"9":3,"10":3,"11":2,"12":2,"13":5,"14":5,"15":4},"f":{"0":4,"1":2,"2":5},"b":{"0":[0],"1":[1,3],"2":[0],"3":[5,0],"4":[5,0]},"_coverageSchema":"1a1c01bbd47fc00a2c39e90264f33305004495a9","hash":"ab082b62c6f203d69b7b8e1ba9683205cf3139b2"}
,"C:\\Users\\NOLLU ARUN KUMAR\\ARUN(E)\\UrlShortner\\urlShortner\\src\\services\\urlService.js": {"path":"C:\\Users\\NOLLU ARUN KUMAR\\ARUN(E)\\UrlShortner\\urlShortner\\src\\services\\urlService.js","statementMap":{"0":{"start":{"line":1,"column":15},"end":{"line":1,"column":32}},"1":{"start":{"line":2,"column":19},"end":{"line":2,"column":36}},"2":{"start":{"line":3,"column":22},"end":{"line":3,"column":52}},"3":{"start":{"line":4,"column":24},"end":{"line":4,"column":56}},"4":{"start":{"line":6,"column":20},"end":{"line":6,"column":21}},"5":{"start":{"line":7,"column":20},"end":{"line":7,"column":21}},"6":{"start":{"line":15,"column":2},"end":{"line":15,"column":68}},"7":{"start":{"line":28,"column":18},"end":{"line":28,"column":86}},"8":{"start":{"line":31,"column":2},"end":{"line":49,"column":3}},"9":{"start":{"line":32,"column":21},"end":{"line":32,"column":56}},"10":{"start":{"line":33,"column":4},"end":{"line":38,"column":5}},"11":{"start":{"line":34,"column":18},"end":{"line":34,"column":64}},"12":{"start":{"line":35,"column":6},"end":{"line":35,"column":23}},"13":{"start":{"line":36,"column":6},"end":{"line":36,"column":34}},"14":{"start":{"line":37,"column":6},"end":{"line":37,"column":16}},"15":{"start":{"line":39,"column":19},"end":{"line":43,"column":6}},"16":{"start":{"line":44,"column":4},"end":{"line":48,"column":6}},"17":{"start":{"line":52,"column":2},"end":{"line":67,"column":3}},"18":{"start":{"line":52,"column":21},"end":{"line":52,"column":22}},"19":{"start":{"line":53,"column":17},"end":{"line":53,"column":36}},"20":{"start":{"line":54,"column":21},"end":{"line":54,"column":55}},"21":{"start":{"line":55,"column":4},"end":{"line":66,"column":5}},"22":{"start":{"line":56,"column":21},"end":{"line":60,"column":8}},"23":{"start":{"line":61,"column":6},"end":{"line":65,"column":8}},"24":{"start":{"line":69,"column":14},"end":{"line":69,"column":89}},"25":{"start":{"line":70,"column":2},"end":{"line":70,"column":19}},"26":{"start":{"line":71,"column":2},"end":{"line":71,"column":38}},"27":{"start":{"line":72,"column":2},"end":{"line":72,"column":12}},"28":{"start":{"line":84,"column":17},"end":{"line":84,"column":56}},"29":{"start":{"line":86,"column":2},"end":{"line":91,"column":3}},"30":{"start":{"line":87,"column":16},"end":{"line":87,"column":64}},"31":{"start":{"line":88,"column":4},"end":{"line":88,"column":21}},"32":{"start":{"line":89,"column":4},"end":{"line":89,"column":38}},"33":{"start":{"line":90,"column":4},"end":{"line":90,"column":14}},"34":{"start":{"line":94,"column":2},"end":{"line":99,"column":3}},"35":{"start":{"line":95,"column":16},"end":{"line":95,"column":66}},"36":{"start":{"line":96,"column":4},"end":{"line":96,"column":21}},"37":{"start":{"line":97,"column":4},"end":{"line":97,"column":36}},"38":{"start":{"line":98,"column":4},"end":{"line":98,"column":14}},"39":{"start":{"line":102,"column":2},"end":{"line":113,"column":5}},"40":{"start":{"line":103,"column":4},"end":{"line":112,"column":5}},"41":{"start":{"line":104,"column":6},"end":{"line":109,"column":9}},"42":{"start":{"line":111,"column":6},"end":{"line":111,"column":60}},"43":{"start":{"line":115,"column":2},"end":{"line":115,"column":29}},"44":{"start":{"line":118,"column":0},"end":{"line":118,"column":52}}},"fnMap":{"0":{"name":"hashIp","decl":{"start":{"line":14,"column":9},"end":{"line":14,"column":15}},"loc":{"start":{"line":14,"column":20},"end":{"line":16,"column":1}},"line":14},"1":{"name":"shortenUrl","decl":{"start":{"line":27,"column":9},"end":{"line":27,"column":19}},"loc":{"start":{"line":27,"column":52},"end":{"line":73,"column":1}},"line":27},"2":{"name":"resolveUrl","decl":{"start":{"line":83,"column":9},"end":{"line":83,"column":19}},"loc":{"start":{"line":83,"column":68},"end":{"line":116,"column":1}},"line":83},"3":{"name":"(anonymous_3)","decl":{"start":{"line":102,"column":15},"end":{"line":102,"column":16}},"loc":{"start":{"line":102,"column":21},"end":{"line":113,"column":3}},"line":102}},"branchMap":{"0":{"loc":{"start":{"line":15,"column":44},"end":{"line":15,"column":52}},"type":"binary-expr","locations":[{"start":{"line":15,"column":44},"end":{"line":15,"column":46}},{"start":{"line":15,"column":50},"end":{"line":15,"column":52}}],"line":15},"1":{"loc":{"start":{"line":28,"column":19},"end":{"line":28,"column":66}},"type":"binary-expr","locations":[{"start":{"line":28,"column":19},"end":{"line":28,"column":39}},{"start":{"line":28,"column":43},"end":{"line":28,"column":66}}],"line":28},"2":{"loc":{"start":{"line":31,"column":2},"end":{"line":49,"column":3}},"type":"if","locations":[{"start":{"line":31,"column":2},"end":{"line":49,"column":3}},{"start":{},"end":{}}],"line":31},"3":{"loc":{"start":{"line":33,"column":4},"end":{"line":38,"column":5}},"type":"if","locations":[{"start":{"line":33,"column":4},"end":{"line":38,"column":5}},{"start":{},"end":{}}],"line":33},"4":{"loc":{"start":{"line":42,"column":17},"end":{"line":42,"column":38}},"type":"binary-expr","locations":[{"start":{"line":42,"column":17},"end":{"line":42,"column":23}},{"start":{"line":42,"column":27},"end":{"line":42,"column":38}}],"line":42},"5":{"loc":{"start":{"line":55,"column":4},"end":{"line":66,"column":5}},"type":"if","locations":[{"start":{"line":55,"column":4},"end":{"line":66,"column":5}},{"start":{},"end":{}}],"line":55},"6":{"loc":{"start":{"line":59,"column":19},"end":{"line":59,"column":40}},"type":"binary-expr","locations":[{"start":{"line":59,"column":19},"end":{"line":59,"column":25}},{"start":{"line":59,"column":29},"end":{"line":59,"column":40}}],"line":59},"7":{"loc":{"start":{"line":83,"column":35},"end":{"line":83,"column":66}},"type":"default-arg","locations":[{"start":{"line":83,"column":64},"end":{"line":83,"column":66}}],"line":83},"8":{"loc":{"start":{"line":86,"column":2},"end":{"line":91,"column":3}},"type":"if","locations":[{"start":{"line":86,"column":2},"end":{"line":91,"column":3}},{"start":{},"end":{}}],"line":86},"9":{"loc":{"start":{"line":94,"column":2},"end":{"line":99,"column":3}},"type":"if","locations":[{"start":{"line":94,"column":2},"end":{"line":99,"column":3}},{"start":{},"end":{}}],"line":94},"10":{"loc":{"start":{"line":94,"column":6},"end":{"line":94,"column":67}},"type":"binary-expr","locations":[{"start":{"line":94,"column":6},"end":{"line":94,"column":23}},{"start":{"line":94,"column":27},"end":{"line":94,"column":67}}],"line":94},"11":{"loc":{"start":{"line":107,"column":19},"end":{"line":107,"column":34}},"type":"binary-expr","locations":[{"start":{"line":107,"column":19},"end":{"line":107,"column":28}},{"start":{"line":107,"column":32},"end":{"line":107,"column":34}}],"line":107},"12":{"loc":{"start":{"line":108,"column":17},"end":{"line":108,"column":30}},"type":"binary-expr","locations":[{"start":{"line":108,"column":17},"end":{"line":108,"column":24}},{"start":{"line":108,"column":28},"end":{"line":108,"column":30}}],"line":108}},"s":{"0":4,"1":4,"2":4,"3":4,"4":4,"5":4,"6":2,"7":7,"8":7,"9":6,"10":6,"11":1,"12":1,"13":1,"14":1,"15":5,"16":5,"17":1,"18":1,"19":1,"20":1,"21":1,"22":1,"23":1,"24":0,"25":0,"26":0,"27":0,"28":3,"29":3,"30":1,"31":1,"32":1,"33":1,"34":2,"35":0,"36":0,"37":0,"38":0,"39":2,"40":2,"41":2,"42":0,"43":2,"44":4},"f":{"0":2,"1":7,"2":3,"3":2},"b":{"0":[2,0],"1":[7,0],"2":[6,1],"3":[1,5],"4":[5,0],"5":[1,0],"6":[1,0],"7":[0],"8":[1,2],"9":[0,2],"10":[2,0],"11":[2,2],"12":[2,2]},"_coverageSchema":"1a1c01bbd47fc00a2c39e90264f33305004495a9","hash":"344d4e5b54685bb5feab8f7168c8e1c07384de9e"}
}
