TN:
SF:src\app.js
FN:15,createApp
FN:40,(anonymous_1)
FN:54,(anonymous_2)
FNF:3
FNH:2
FNDA:5,createApp
FNDA:0,(anonymous_1)
FNDA:2,(anonymous_2)
DA:1,4
DA:3,4
DA:4,4
DA:5,4
DA:6,4
DA:7,4
DA:9,4
DA:10,4
DA:11,4
DA:12,4
DA:13,4
DA:16,5
DA:18,5
DA:19,5
DA:22,5
DA:25,5
DA:28,5
DA:29,5
DA:32,5
DA:36,0
DA:40,5
DA:41,0
DA:45,5
DA:46,5
DA:47,5
DA:50,5
DA:54,5
DA:55,2
DA:56,2
DA:62,5
DA:65,4
LF:31
LH:29
BRDA:56,0,0,2
BRDA:56,0,1,0
BRDA:57,1,0,2
BRDA:57,1,1,0
BRDA:58,2,0,2
BRDA:58,2,1,0
BRF:6
BRH:3
end_of_record
TN:
SF:src\db\clickRepository.js
FN:13,record
FN:28,countByCode
FN:40,listByCode
FN:57,topN
FNF:4
FNH:4
FNDA:28,record
FNDA:5,countByCode
FNDA:6,listByCode
FNDA:4,topN
DA:16,28
DA:29,5
DA:30,5
DA:41,6
DA:58,4
DA:68,5
LF:6
LH:6
BRDA:14,0,0,0
BRDA:14,1,0,24
BRDA:14,2,0,24
BRDA:30,3,0,5
BRDA:30,3,1,0
BRDA:40,4,0,2
BRDA:57,5,0,0
BRF:7
BRH:4
end_of_record
TN:
SF:src\db\index.js
FN:15,openDb
FNF:1
FNH:1
FNDA:21,openDb
DA:1,6
DA:2,6
DA:3,6
DA:16,21
DA:21,21
DA:22,0
DA:25,21
DA:28,21
DA:29,21
DA:32,21
DA:33,21
DA:35,21
DA:38,6
LF:13
LH:12
BRDA:16,0,0,21
BRDA:16,0,1,0
BRDA:16,0,2,0
BRDA:21,1,0,0
BRDA:21,1,1,21
BRF:5
BRH:2
end_of_record
TN:
SF:src\db\urlRepository.js
FN:13,findById
FN:21,create
FN:36,findByCode
FN:44,findByOriginalUrl
FN:52,listAll
FN:61,deleteByCode
FNF:6
FNH:6
FNDA:31,findById
FNDA:32,create
FNDA:24,findByCode
FNDA:1,findByOriginalUrl
FNDA:1,listAll
FNDA:3,deleteByCode
DA:14,31
DA:24,32
DA:29,31
DA:37,24
DA:45,1
DA:53,1
DA:62,3
DA:63,3
DA:66,6
LF:9
LH:9
BRDA:14,0,0,31
BRDA:14,0,1,0
BRDA:22,1,0,25
BRDA:22,2,0,32
BRDA:37,3,0,24
BRDA:37,3,1,11
BRDA:45,4,0,1
BRDA:45,4,1,0
BRF:8
BRH:6
end_of_record
TN:
SF:src\middleware\auth.js
FN:6,auth
FNF:1
FNH:1
FNDA:25,auth
DA:7,25
DA:9,25
DA:10,4
DA:16,21
DA:17,1
DA:24,20
DA:25,20
DA:28,4
LF:8
LH:8
BRDA:9,0,0,4
BRDA:9,0,1,21
BRDA:16,1,0,1
BRDA:16,1,1,20
BRF:4
BRH:4
end_of_record
TN:
SF:src\middleware\rateLimit.js
FN:19,getRateLimit
FN:30,pruneWindow
FN:31,(anonymous_2)
FN:34,rateLimit
FNF:4
FNH:4
FNDA:24,getRateLimit
FNDA:25,pruneWindow
FNDA:52,(anonymous_2)
FNDA:24,rateLimit
DA:14,5
DA:17,5
DA:20,24
DA:21,24
DA:31,52
DA:35,24
DA:36,24
DA:37,24
DA:39,24
DA:42,24
DA:43,24
DA:45,24
DA:46,1
DA:47,1
DA:48,1
DA:49,1
DA:57,23
DA:58,23
DA:59,23
DA:60,23
DA:65,5
DA:66,5
DA:67,5
DA:70,5
LF:24
LH:24
BRDA:20,0,0,24
BRDA:20,0,1,0
BRDA:21,1,0,24
BRDA:21,1,1,0
BRDA:21,2,0,24
BRDA:21,2,1,24
BRDA:35,3,0,24
BRDA:35,3,1,0
BRDA:35,3,2,0
BRDA:39,4,0,24
BRDA:39,4,1,8
BRDA:45,5,0,1
BRDA:45,5,1,23
BRF:13
BRH:9
end_of_record
TN:
SF:src\middleware\validate.js
FN:10,validateUrl
FN:44,validateAlias
FNF:2
FNH:2
FNDA:12,validateUrl
FNDA:9,validateAlias
DA:2,4
DA:4,4
DA:11,12
DA:13,12
DA:14,1
DA:21,11
DA:22,11
DA:24,1
DA:30,10
DA:31,1
DA:37,9
DA:45,9
DA:47,9
DA:48,1
DA:51,8
DA:52,1
DA:58,7
DA:59,1
DA:65,6
DA:68,4
LF:20
LH:20
BRDA:13,0,0,1
BRDA:13,0,1,11
BRDA:13,1,0,12
BRDA:13,1,1,11
BRDA:30,2,0,1
BRDA:30,2,1,9
BRDA:47,3,0,1
BRDA:47,3,1,8
BRDA:51,4,0,1
BRDA:51,4,1,7
BRDA:51,5,0,8
BRDA:51,5,1,8
BRDA:58,6,0,1
BRDA:58,6,1,6
BRF:14
BRH:14
end_of_record
TN:
SF:src\routes\analytics.js
FN:5,analyticsRouter
FN:12,(anonymous_1)
FN:26,(anonymous_2)
FNF:3
FNH:3
FNDA:5,analyticsRouter
FNDA:2,(anonymous_1)
FNDA:4,(anonymous_2)
DA:1,4
DA:2,4
DA:3,4
DA:5,4
DA:6,5
DA:12,5
DA:13,2
DA:14,2
DA:15,2
DA:16,2
DA:18,0
DA:26,5
DA:27,4
DA:28,4
DA:29,4
DA:30,3
DA:32,1
DA:36,5
LF:18
LH:17
BRDA:14,0,0,2
BRDA:14,0,1,1
BRDA:28,1,0,4
BRDA:28,1,1,4
BRF:4
BRH:4
end_of_record
TN:
SF:src\routes\health.js
FN:3,healthRouter
FN:11,(anonymous_1)
FNF:2
FNH:2
FNDA:5,healthRouter
FNDA:3,(anonymous_1)
DA:1,4
DA:3,4
DA:4,5
DA:11,5
DA:12,3
DA:13,3
DA:15,3
DA:16,3
DA:18,0
DA:19,0
DA:22,3
DA:30,5
LF:12
LH:10
BRDA:23,0,0,3
BRDA:23,0,1,0
BRF:2
BRH:1
end_of_record
TN:
SF:src\routes\manage.js
FN:5,manageRouter
FN:12,(anonymous_1)
FN:34,(anonymous_2)
FNF:3
FNH:2
FNDA:5,manageRouter
FNDA:2,(anonymous_1)
FNDA:0,(anonymous_2)
DA:1,4
DA:2,4
DA:3,4
DA:5,4
DA:6,5
DA:12,5
DA:13,2
DA:14,2
DA:16,2
DA:17,1
DA:23,1
DA:24,1
DA:34,5
DA:35,0
DA:36,0
DA:39,5
LF:16
LH:14
BRDA:16,0,0,1
BRDA:16,0,1,1
BRF:2
BRH:2
end_of_record
TN:
SF:src\routes\redirect.js
FN:4,redirectRouter
FN:12,(anonymous_1)
FNF:2
FNH:2
FNDA:5,redirectRouter
FNDA:3,(anonymous_1)
DA:1,4
DA:2,4
DA:4,4
DA:5,5
DA:12,5
DA:13,3
DA:14,3
DA:15,3
DA:20,2
DA:22,1
DA:23,1
DA:28,0
DA:29,0
DA:34,0
DA:38,5
LF:15
LH:12
BRDA:22,0,0,1
BRDA:22,0,1,0
BRDA:28,1,0,0
BRDA:28,1,1,0
BRF:4
BRH:1
end_of_record
TN:
SF:src\routes\shorten.js
FN:7,shortenRouter
FN:15,(anonymous_1)
FNF:2
FNH:2
FNDA:5,shortenRouter
FNDA:7,(anonymous_1)
DA:1,4
DA:2,4
DA:3,4
DA:4,4
DA:5,4
DA:7,4
DA:8,5
DA:15,5
DA:16,7
DA:17,7
DA:18,7
DA:19,6
DA:25,1
DA:29,5
LF:14
LH:14
BRF:0
BRH:0
end_of_record
TN:
SF:src\services\analyticsService.js
FN:12,getCodeAnalytics
FN:40,getTopUrls
FN:42,(anonymous_2)
FNF:3
FNH:3
FNDA:4,getCodeAnalytics
FNDA:2,getTopUrls
FNDA:5,(anonymous_2)
DA:1,4
DA:2,4
DA:13,4
DA:14,4
DA:15,1
DA:16,1
DA:17,1
DA:18,1
DA:21,3
DA:22,3
DA:24,3
DA:41,2
DA:42,2
DA:43,5
DA:44,5
DA:53,4
LF:16
LH:16
BRDA:12,0,0,0
BRDA:14,1,0,1
BRDA:14,1,1,3
BRDA:40,2,0,0
BRDA:47,3,0,5
BRDA:47,3,1,0
BRDA:48,4,0,5
BRDA:48,4,1,0
BRF:8
BRH:4
end_of_record
TN:
SF:src\services\urlService.js
FN:14,hashIp
FN:27,shortenUrl
FN:83,resolveUrl
FN:102,(anonymous_3)
FNF:4
FNH:4
FNDA:2,hashIp
FNDA:7,shortenUrl
FNDA:3,resolveUrl
FNDA:2,(anonymous_3)
DA:1,4
DA:2,4
DA:3,4
DA:4,4
DA:6,4
DA:7,4
DA:15,2
DA:28,7
DA:31,7
DA:32,6
DA:33,6
DA:34,1
DA:35,1
DA:36,1
DA:37,1
DA:39,5
DA:44,5
DA:52,1
DA:53,1
DA:54,1
DA:55,1
DA:56,1
DA:61,1
DA:69,0
DA:70,0
DA:71,0
DA:72,0
DA:84,3
DA:86,3
DA:87,1
DA:88,1
DA:89,1
DA:90,1
DA:94,2
DA:95,0
DA:96,0
DA:97,0
DA:98,0
DA:102,2
DA:103,2
DA:104,2
DA:111,0
DA:115,2
DA:118,4
LF:44
LH:35
BRDA:15,0,0,2
BRDA:15,0,1,0
BRDA:28,1,0,7
BRDA:28,1,1,0
BRDA:31,2,0,6
BRDA:31,2,1,1
BRDA:33,3,0,1
BRDA:33,3,1,5
BRDA:42,4,0,5
BRDA:42,4,1,0
BRDA:55,5,0,1
BRDA:55,5,1,0
BRDA:59,6,0,1
BRDA:59,6,1,0
BRDA:83,7,0,0
BRDA:86,8,0,1
BRDA:86,8,1,2
BRDA:94,9,0,0
BRDA:94,9,1,2
BRDA:94,10,0,2
BRDA:94,10,1,0
BRDA:107,11,0,2
BRDA:107,11,1,2
BRDA:108,12,0,2
BRDA:108,12,1,2
BRF:25
BRH:17
end_of_record
