TN:
SF:src\app.js
FN:17,createApp
FN:42,(anonymous_1)
FN:56,(anonymous_2)
FNF:3
FNH:2
FNDA:5,createApp
FNDA:0,(anonymous_1)
FNDA:2,(anonymous_2)
DA:3,4
DA:5,4
DA:6,4
DA:7,4
DA:8,4
DA:9,4
DA:11,4
DA:12,4
DA:13,4
DA:14,4
DA:15,4
DA:18,5
DA:20,5
DA:21,5
DA:24,5
DA:27,5
DA:30,5
DA:31,5
DA:34,5
DA:38,0
DA:42,5
DA:43,0
DA:47,5
DA:48,5
DA:49,5
DA:52,5
DA:56,5
DA:57,2
DA:58,2
DA:64,5
DA:67,4
LF:31
LH:29
BRDA:58,0,0,2
BRDA:58,0,1,0
BRDA:59,1,0,2
BRDA:59,1,1,0
BRDA:60,2,0,2
BRDA:60,2,1,0
BRF:6
BRH:3
end_of_record
TN:
SF:src\db\clickRepository.js
FN:15,record
FN:30,countByCode
FN:42,listByCode
FN:59,topN
FNF:4
FNH:4
FNDA:28,record
FNDA:5,countByCode
FNDA:6,listByCode
FNDA:4,topN
DA:18,28
DA:31,5
DA:32,5
DA:43,6
DA:60,4
DA:70,5
LF:6
LH:6
BRDA:16,0,0,0
BRDA:16,1,0,24
BRDA:16,2,0,24
BRDA:32,3,0,5
BRDA:32,3,1,0
BRDA:42,4,0,2
BRDA:59,5,0,0
BRF:7
BRH:4
end_of_record
TN:
SF:src\db\index.js
FN:17,openDb
FNF:1
FNH:1
FNDA:21,openDb
DA:3,6
DA:4,6
DA:5,6
DA:18,21
DA:23,21
DA:24,0
DA:27,21
DA:30,21
DA:31,21
DA:34,21
DA:35,21
DA:37,21
DA:40,6
LF:13
LH:12
BRDA:18,0,0,21
BRDA:18,0,1,0
BRDA:18,0,2,0
BRDA:23,1,0,0
BRDA:23,1,1,21
BRF:5
BRH:2
end_of_record
TN:
SF:src\db\urlRepository.js
FN:15,create
FN:30,findById
FN:38,findByCode
FN:46,findByOriginalUrl
FN:54,listAll
FN:63,deleteByCode
FNF:6
FNH:6
FNDA:32,create
FNDA:31,findById
FNDA:24,findByCode
FNDA:1,findByOriginalUrl
FNDA:1,listAll
FNDA:3,deleteByCode
DA:18,32
DA:23,31
DA:31,31
DA:39,24
DA:47,1
DA:55,1
DA:64,3
DA:65,3
DA:68,6
LF:9
LH:9
BRDA:16,0,0,25
BRDA:16,1,0,32
BRDA:31,2,0,31
BRDA:31,2,1,0
BRDA:39,3,0,24
BRDA:39,3,1,11
BRDA:47,4,0,1
BRDA:47,4,1,0
BRF:8
BRH:6
end_of_record
TN:
SF:src\middleware\auth.js
FN:8,auth
FNF:1
FNH:1
FNDA:25,auth
DA:9,25
DA:11,25
DA:12,4
DA:18,21
DA:19,1
DA:26,20
DA:27,20
DA:30,4
LF:8
LH:8
BRDA:11,0,0,4
BRDA:11,0,1,21
BRDA:18,1,0,1
BRDA:18,1,1,20
BRF:4
BRH:4
end_of_record
TN:
SF:src\middleware\rateLimit.js
FN:21,getRateLimit
FN:32,pruneWindow
FN:33,(anonymous_2)
FN:36,rateLimit
FNF:4
FNH:4
FNDA:24,getRateLimit
FNDA:25,pruneWindow
FNDA:52,(anonymous_2)
FNDA:24,rateLimit
DA:16,5
DA:19,5
DA:22,24
DA:23,24
DA:33,52
DA:37,24
DA:38,24
DA:39,24
DA:41,24
DA:44,24
DA:45,24
DA:47,24
DA:48,1
DA:49,1
DA:50,1
DA:51,1
DA:59,23
DA:60,23
DA:61,23
DA:62,23
DA:66,5
DA:67,5
DA:68,5
DA:70,5
LF:24
LH:24
BRDA:22,0,0,24
BRDA:22,0,1,0
BRDA:23,1,0,24
BRDA:23,1,1,0
BRDA:23,2,0,24
BRDA:23,2,1,24
BRDA:37,3,0,24
BRDA:37,3,1,0
BRDA:37,3,2,0
BRDA:41,4,0,24
BRDA:41,4,1,8
BRDA:47,5,0,1
BRDA:47,5,1,23
BRF:13
BRH:9
end_of_record
TN:
SF:src\middleware\validate.js
FN:12,validateUrl
FN:46,validateAlias
FNF:2
FNH:2
FNDA:12,validateUrl
FNDA:9,validateAlias
DA:4,4
DA:6,4
DA:13,12
DA:15,12
DA:16,1
DA:23,11
DA:24,11
DA:26,1
DA:32,10
DA:33,1
DA:39,9
DA:47,9
DA:49,9
DA:50,1
DA:53,8
DA:54,1
DA:60,7
DA:61,1
DA:67,6
DA:70,4
LF:20
LH:20
BRDA:15,0,0,1
BRDA:15,0,1,11
BRDA:15,1,0,12
BRDA:15,1,1,11
BRDA:32,2,0,1
BRDA:32,2,1,9
BRDA:49,3,0,1
BRDA:49,3,1,8
BRDA:53,4,0,1
BRDA:53,4,1,7
BRDA:53,5,0,8
BRDA:53,5,1,8
BRDA:60,6,0,1
BRDA:60,6,1,6
BRF:14
BRH:14
end_of_record
TN:
SF:src\routes\analytics.js
FN:7,analyticsRouter
FN:14,(anonymous_1)
FN:28,(anonymous_2)
FNF:3
FNH:3
FNDA:5,analyticsRouter
FNDA:2,(anonymous_1)
FNDA:4,(anonymous_2)
DA:3,4
DA:4,4
DA:5,4
DA:7,4
DA:8,5
DA:14,5
DA:15,2
DA:16,2
DA:17,2
DA:18,2
DA:20,0
DA:28,5
DA:29,4
DA:30,4
DA:31,4
DA:32,3
DA:34,1
DA:38,5
LF:18
LH:17
BRDA:16,0,0,2
BRDA:16,0,1,1
BRDA:30,1,0,4
BRDA:30,1,1,4
BRF:4
BRH:4
end_of_record
TN:
SF:src\routes\health.js
FN:5,healthRouter
FN:13,(anonymous_1)
FNF:2
FNH:2
FNDA:5,healthRouter
FNDA:3,(anonymous_1)
DA:3,4
DA:5,4
DA:6,5
DA:13,5
DA:14,3
DA:15,3
DA:17,3
DA:18,3
DA:20,0
DA:21,0
DA:24,3
DA:32,5
LF:12
LH:10
BRDA:25,0,0,3
BRDA:25,0,1,0
BRF:2
BRH:1
end_of_record
TN:
SF:src\routes\manage.js
FN:7,manageRouter
FN:14,(anonymous_1)
FN:36,(anonymous_2)
FNF:3
FNH:2
FNDA:5,manageRouter
FNDA:2,(anonymous_1)
FNDA:0,(anonymous_2)
DA:3,4
DA:4,4
DA:5,4
DA:7,4
DA:8,5
DA:14,5
DA:15,2
DA:16,2
DA:18,2
DA:19,1
DA:25,1
DA:26,1
DA:36,5
DA:37,0
DA:38,0
DA:41,5
LF:16
LH:14
BRDA:18,0,0,1
BRDA:18,0,1,1
BRF:2
BRH:2
end_of_record
TN:
SF:src\routes\redirect.js
FN:6,redirectRouter
FN:14,(anonymous_1)
FNF:2
FNH:2
FNDA:5,redirectRouter
FNDA:3,(anonymous_1)
DA:3,4
DA:4,4
DA:6,4
DA:7,5
DA:14,5
DA:15,3
DA:16,3
DA:17,3
DA:22,2
DA:24,1
DA:25,1
DA:30,0
DA:31,0
DA:36,0
DA:40,5
LF:15
LH:12
BRDA:24,0,0,1
BRDA:24,0,1,0
BRDA:30,1,0,0
BRDA:30,1,1,0
BRF:4
BRH:1
end_of_record
TN:
SF:src\routes\shorten.js
FN:9,shortenRouter
FN:17,(anonymous_1)
FNF:2
FNH:2
FNDA:5,shortenRouter
FNDA:7,(anonymous_1)
DA:3,4
DA:4,4
DA:5,4
DA:6,4
DA:7,4
DA:9,4
DA:10,5
DA:17,5
DA:18,7
DA:19,7
DA:20,7
DA:21,6
DA:27,1
DA:31,5
LF:14
LH:14
BRF:0
BRH:0
end_of_record
TN:
SF:src\services\analyticsService.js
FN:14,getCodeAnalytics
FN:42,getTopUrls
FN:44,(anonymous_2)
FNF:3
FNH:3
FNDA:4,getCodeAnalytics
FNDA:2,getTopUrls
FNDA:5,(anonymous_2)
DA:3,4
DA:4,4
DA:15,4
DA:16,4
DA:17,1
DA:18,1
DA:19,1
DA:20,1
DA:23,3
DA:24,3
DA:26,3
DA:43,2
DA:44,2
DA:45,5
DA:46,5
DA:55,4
LF:16
LH:16
BRDA:14,0,0,0
BRDA:16,1,0,1
BRDA:16,1,1,3
BRDA:42,2,0,0
BRDA:49,3,0,5
BRDA:49,3,1,0
BRDA:50,4,0,5
BRDA:50,4,1,0
BRF:8
BRH:4
end_of_record
TN:
SF:src\services\urlService.js
FN:16,hashIp
FN:29,shortenUrl
FN:85,resolveUrl
FN:104,(anonymous_3)
FNF:4
FNH:4
FNDA:2,hashIp
FNDA:7,shortenUrl
FNDA:3,resolveUrl
FNDA:2,(anonymous_3)
DA:3,4
DA:4,4
DA:5,4
DA:6,4
DA:8,4
DA:9,4
DA:17,2
DA:30,7
DA:33,7
DA:34,6
DA:35,6
DA:36,1
DA:37,1
DA:38,1
DA:39,1
DA:41,5
DA:46,5
DA:54,1
DA:55,1
DA:56,1
DA:57,1
DA:58,1
DA:63,1
DA:71,0
DA:72,0
DA:73,0
DA:74,0
DA:86,3
DA:88,3
DA:89,1
DA:90,1
DA:91,1
DA:92,1
DA:96,2
DA:97,0
DA:98,0
DA:99,0
DA:100,0
DA:104,2
DA:105,2
DA:106,2
DA:113,0
DA:117,2
DA:120,4
LF:44
LH:35
BRDA:17,0,0,2
BRDA:17,0,1,0
BRDA:30,1,0,7
BRDA:30,1,1,0
BRDA:33,2,0,6
BRDA:33,2,1,1
BRDA:35,3,0,1
BRDA:35,3,1,5
BRDA:44,4,0,5
BRDA:44,4,1,0
BRDA:57,5,0,1
BRDA:57,5,1,0
BRDA:61,6,0,1
BRDA:61,6,1,0
BRDA:85,7,0,0
BRDA:88,8,0,1
BRDA:88,8,1,2
BRDA:96,9,0,0
BRDA:96,9,1,2
BRDA:96,10,0,2
BRDA:96,10,1,0
BRDA:109,11,0,2
BRDA:109,11,1,2
BRDA:110,12,0,2
BRDA:110,12,1,2
BRF:25
BRH:17
end_of_record
